# JRE version: Java(TM) SE Runtime Environment (18.0+36) (build 18+36-2087)
# Java VM: Java HotSpot(TM) 64-Bit Server VM (18+36-2087, mixed mode, sharing, tiered, compressed oops, compressed class ptrs, g1 gc, windows-amd64)
GC Precious Log:
 CardTable entry size: 512
 Card Set container configuration: InlinePtr #cards 5 size 8 Array Of Cards #cards 12 size 40 Howl #buckets 4 coarsen threshold 1843 Howl Bitmap #cards 512 size 80 coarsen threshold 460 Card regions per heap region 1 cards per card region 2048
 CPUs: 4 total, 4 available
 Memory: 12169M
 Large Page Support: Disabled
 NUMA Support: Disabled
 Compressed Oops: Enabled (32-bit)
 Heap Region Size: 1M
 Heap Min Capacity: 8M
 Heap Initial Capacity: 192M
 Heap Max Capacity: 2G
 Pre-touch: Disabled
 Parallel Workers: 4
 Concurrent Workers: 1
 Concurrent Refinement Workers: 4
 Periodic GC: Disabled
Heap:
 garbage-first heap   total 175104K, used 152095K [0x0000000080000000, 0x0000000100000000)
  region size 1024K, 34 young (34816K), 4 survivors (4096K)
 Metaspace       used 106315K, committed 108480K, reserved 1179648K
  class space    used 14050K, committed 15168K, reserved 1048576K
GC Heap History (20 events):
Event: 33.738 GC heap after
{Heap after GC invocations=36 (full 0):
 garbage-first heap   total 175104K, used 109253K [0x0000000080000000, 0x0000000100000000)
  region size 1024K, 6 young (6144K), 6 survivors (6144K)
 Metaspace       used 92103K, committed 94016K, reserved 1179648K
  class space    used 12378K, committed 13376K, reserved 1048576K
}
Event: 36.351 GC heap before
{Heap before GC invocations=36 (full 0):
 garbage-first heap   total 175104K, used 143045K [0x0000000080000000, 0x0000000100000000)
  region size 1024K, 40 young (40960K), 6 survivors (6144K)
 Metaspace       used 95104K, committed 96960K, reserved 1179648K
  class space    used 12746K, committed 13696K, reserved 1048576K
}
Event: 36.382 GC heap after
{Heap after GC invocations=37 (full 0):
 garbage-first heap   total 175104K, used 111836K [0x0000000080000000, 0x0000000100000000)
  region size 1024K, 3 young (3072K), 3 survivors (3072K)
 Metaspace       used 95104K, committed 96960K, reserved 1179648K
  class space    used 12746K, committed 13696K, reserved 1048576K
}
Event: 68.309 GC heap before
{Heap before GC invocations=37 (full 0):
 garbage-first heap   total 175104K, used 145628K [0x0000000080000000, 0x0000000100000000)
  region size 1024K, 36 young (36864K), 3 survivors (3072K)
 Metaspace       used 98453K, committed 100416K, reserved 1179648K
  class space    used 13189K, committed 14208K, reserved 1048576K
}
Event: 68.317 GC heap after
{Heap after GC invocations=38 (full 0):
 garbage-first heap   total 175104K, used 114688K [0x0000000080000000, 0x0000000100000000)
  region size 1024K, 5 young (5120K), 5 survivors (5120K)
 Metaspace       used 98453K, committed 100416K, reserved 1179648K
  class space    used 13189K, committed 14208K, reserved 1048576K
}
Event: 69.201 GC heap before
{Heap before GC invocations=38 (full 0):
 garbage-first heap   total 175104K, used 146432K [0x0000000080000000, 0x0000000100000000)
  region size 1024K, 37 young (37888K), 5 survivors (5120K)
 Metaspace       used 99711K, committed 101696K, reserved 1179648K
  class space    used 13346K, committed 14400K, reserved 1048576K
}
Event: 69.219 GC heap after
{Heap after GC invocations=39 (full 0):
 garbage-first heap   total 175104K, used 118966K [0x0000000080000000, 0x0000000100000000)
  region size 1024K, 5 young (5120K), 5 survivors (5120K)
 Metaspace       used 99711K, committed 101696K, reserved 1179648K
  class space    used 13346K, committed 14400K, reserved 1048576K
}
Event: 71.566 GC heap before
{Heap before GC invocations=39 (full 0):
 garbage-first heap   total 175104K, used 145590K [0x0000000080000000, 0x0000000100000000)
  region size 1024K, 32 young (32768K), 5 survivors (5120K)
 Metaspace       used 99976K, committed 101952K, reserved 1179648K
  class space    used 13358K, committed 14400K, reserved 1048576K
}
Event: 71.575 GC heap after
{Heap after GC invocations=40 (full 0):
 garbage-first heap   total 175104K, used 120189K [0x0000000080000000, 0x0000000100000000)
  region size 1024K, 2 young (2048K), 2 survivors (2048K)
 Metaspace       used 99976K, committed 101952K, reserved 1179648K
  class space    used 13358K, committed 14400K, reserved 1048576K
}
Event: 71.805 GC heap before
{Heap before GC invocations=40 (full 0):
 garbage-first heap   total 175104K, used 147837K [0x0000000080000000, 0x0000000100000000)
  region size 1024K, 29 young (29696K), 2 survivors (2048K)
 Metaspace       used 99982K, committed 102016K, reserved 1179648K
  class space    used 13360K, committed 14400K, reserved 1048576K
}
Event: 71.809 GC heap after
{Heap after GC invocations=41 (full 0):
 garbage-first heap   total 175104K, used 119966K [0x0000000080000000, 0x0000000100000000)
  region size 1024K, 2 young (2048K), 2 survivors (2048K)
 Metaspace       used 99982K, committed 102016K, reserved 1179648K
  class space    used 13360K, committed 14400K, reserved 1048576K
}
Event: 72.020 GC heap before
{Heap before GC invocations=41 (full 0):
 garbage-first heap   total 175104K, used 148638K [0x0000000080000000, 0x0000000100000000)
  region size 1024K, 30 young (30720K), 2 survivors (2048K)
 Metaspace       used 99982K, committed 102016K, reserved 1179648K
  class space    used 13360K, committed 14400K, reserved 1048576K
}
Event: 72.024 GC heap after
{Heap after GC invocations=42 (full 0):
 garbage-first heap   total 175104K, used 119914K [0x0000000080000000, 0x0000000100000000)
  region size 1024K, 2 young (2048K), 2 survivors (2048K)
 Metaspace       used 99982K, committed 102016K, reserved 1179648K
  class space    used 13360K, committed 14400K, reserved 1048576K
}
Event: 72.312 GC heap before
{Heap before GC invocations=42 (full 0):
 garbage-first heap   total 175104K, used 149610K [0x0000000080000000, 0x0000000100000000)
  region size 1024K, 31 young (31744K), 2 survivors (2048K)
 Metaspace       used 99985K, committed 102016K, reserved 1179648K
  class space    used 13360K, committed 14400K, reserved 1048576K
}
Event: 72.316 GC heap after
{Heap after GC invocations=43 (full 0):
 garbage-first heap   total 175104K, used 120386K [0x0000000080000000, 0x0000000100000000)
  region size 1024K, 2 young (2048K), 2 survivors (2048K)
 Metaspace       used 99985K, committed 102016K, reserved 1179648K
  class space    used 13360K, committed 14400K, reserved 1048576K
}
Event: 72.443 GC heap before
{Heap before GC invocations=43 (full 0):
 garbage-first heap   total 175104K, used 151106K [0x0000000080000000, 0x0000000100000000)
  region size 1024K, 32 young (32768K), 2 survivors (2048K)
 Metaspace       used 99985K, committed 102016K, reserved 1179648K
  class space    used 13360K, committed 14400K, reserved 1048576K
}
Event: 72.447 GC heap after
{Heap after GC invocations=44 (full 0):
 garbage-first heap   total 175104K, used 120739K [0x0000000080000000, 0x0000000100000000)
  region size 1024K, 2 young (2048K), 2 survivors (2048K)
 Metaspace       used 99985K, committed 102016K, reserved 1179648K
  class space    used 13360K, committed 14400K, reserved 1048576K
}
Event: 74.508 GC heap before
{Heap before GC invocations=44 (full 0):
 garbage-first heap   total 175104K, used 151459K [0x0000000080000000, 0x0000000100000000)
  region size 1024K, 33 young (33792K), 2 survivors (2048K)
 Metaspace       used 101399K, committed 103360K, reserved 1179648K
  class space    used 13574K, committed 14592K, reserved 1048576K
}
Event: 74.514 GC heap after
{Heap after GC invocations=45 (full 0):
 garbage-first heap   total 175104K, used 121375K [0x0000000080000000, 0x0000000100000000)
  region size 1024K, 3 young (3072K), 3 survivors (3072K)
 Metaspace       used 101399K, committed 103360K, reserved 1179648K
  class space    used 13574K, committed 14592K, reserved 1048576K
}
Event: 156.710 GC heap before
{Heap before GC invocations=45 (full 0):
 garbage-first heap   total 175104K, used 151071K [0x0000000080000000, 0x0000000100000000)
  region size 1024K, 33 young (33792K), 3 survivors (3072K)
 Metaspace       used 106315K, committed 108480K, reserved 1179648K
  class space    used 14050K, committed 15168K, reserved 1048576K
}

